<?xml version="1.0" encoding="UTF-8"?>
<!-- Generated by org.testng.reporters.JUnitReportReporter -->
<testsuite skipped="0" hostname="admin-PC" name="com.tests.TC_01" tests="1" failures="0" timestamp="28 Nov 2018 12:20:32 GMT" time="99.569" errors="0">
  <testcase name="test" time="99.569" classname="com.tests.TC_01"/>
</testsuite> <!-- com.tests.TC_01 -->
